<?xml version="1.0" encoding="UTF-8"?>
<!-- Generated by org.testng.reporters.JUnitReportReporter -->
<testsuite skipped="0" hostname="LAPTOP-8RLD6N1L" name="test.org.SampleThread" tests="6" failures="0" timestamp="07 Oct 2021 05:22:52 GMT" time="0.024" errors="0">
  <testcase name="Test5" time="0.002" classname="test.org.SampleThread"/>
  <testcase name="Test3" time="0.001" classname="test.org.SampleThread"/>
  <testcase name="Test1" time="0.012" classname="test.org.SampleThread"/>
  <testcase name="Test6" time="0.003" classname="test.org.SampleThread"/>
  <testcase name="Test4" time="0.003" classname="test.org.SampleThread"/>
  <testcase name="Test2" time="0.003" classname="test.org.SampleThread"/>
</testsuite> <!-- test.org.SampleThread -->
