<?xml version="1.0" encoding="UTF-8"?>
<!-- Generated by org.testng.reporters.JUnitReportReporter -->
<testsuite skipped="0" hostname="LAPTOP-8RLD6N1L" name="test.org.Sample" tests="2" failures="0" timestamp="05 Oct 2021 05:27:20 GMT" time="0.008" errors="0">
  <testcase name="test" time="0.001" classname="test.org.Sample"/>
  <testcase name="Test1" time="0.007" classname="test.org.Sample"/>
</testsuite> <!-- test.org.Sample -->
