<?xml version="1.0" encoding="UTF-8"?>
<!-- Generated by org.testng.reporters.JUnitReportReporter -->
<testsuite skipped="0" hostname="LAPTOP-8RLD6N1L" name="test.Sample.Multiple" tests="4" failures="0" timestamp="05 Oct 2021 05:27:41 GMT" time="0.018" errors="0">
  <testcase name="userName" time="0.012" classname="test.Sample.Multiple"/>
  <testcase name="lastName" time="0.002" classname="test.Sample.Multiple"/>
  <testcase name="password" time="0.003" classname="test.Sample.Multiple"/>
  <testcase name="firstName" time="0.001" classname="test.Sample.Multiple"/>
</testsuite> <!-- test.Sample.Multiple -->
