<?xml version="1.0" encoding="UTF-8"?>
<!-- Generated by org.testng.reporters.JUnitReportReporter -->
<testsuite skipped="0" hostname="LAPTOP-8RLD6N1L" name="test.Sample.Sampletesting" tests="3" failures="0" timestamp="05 Oct 2021 05:28:00 GMT" time="0.178" errors="0">
  <testcase name="username" time="0.058" classname="test.Sample.Sampletesting"/>
  <testcase name="password" time="0.062" classname="test.Sample.Sampletesting"/>
  <testcase name="btnLogin" time="0.058" classname="test.Sample.Sampletesting"/>
</testsuite> <!-- test.Sample.Sampletesting -->
